25-08-28 18:28:20.373 [main] INFO  c.U.M.S.a.Service.StudentServiceTest - Starting StudentServiceTest using Java 21.0.2 with PID 12404 (started by HP in C:\Users\HP\Desktop\unit\Junit_Mokito_Swagger_Actuator_Logback_Project\UsingJunit-Mokito-Swagger-actuator) 
25-08-28 18:28:20.388 [main] INFO  c.U.M.S.a.Service.StudentServiceTest - The following 1 profile is active: "dev" 
25-08-28 18:28:23.611 [main] INFO  o.s.d.r.c.RepositoryConfigurationDelegate - Bootstrapping Spring Data JPA repositories in DEFAULT mode. 
25-08-28 18:28:23.751 [main] INFO  o.s.d.r.c.RepositoryConfigurationDelegate - Finished Spring Data repository scanning in 118 ms. Found 1 JPA repository interface. 
25-08-28 18:28:25.174 [main] INFO  o.h.jpa.internal.util.LogHelper - HHH000204: Processing PersistenceUnitInfo [name: default] 
25-08-28 18:28:25.314 [main] INFO  org.hibernate.Version - HHH000412: Hibernate ORM core version 6.6.26.Final 
25-08-28 18:28:25.424 [main] INFO  o.h.c.i.RegionFactoryInitiator - HHH000026: Second-level cache disabled 
25-08-28 18:28:26.236 [main] INFO  o.s.o.j.p.SpringPersistenceUnitInfo - No LoadTimeWeaver setup: ignoring JPA class transformer 
25-08-28 18:28:26.330 [main] INFO  com.zaxxer.hikari.HikariDataSource - HikariPool-1 - Starting... 
25-08-28 18:28:27.315 [main] INFO  com.zaxxer.hikari.pool.HikariPool - HikariPool-1 - Added connection com.mysql.cj.jdbc.ConnectionImpl@1eda309d 
25-08-28 18:28:27.315 [main] INFO  com.zaxxer.hikari.HikariDataSource - HikariPool-1 - Start completed. 
25-08-28 18:28:27.440 [main] WARN  org.hibernate.orm.deprecation - HHH90000025: MySQL8Dialect does not need to be specified explicitly using 'hibernate.dialect' (remove the property setting and it will be selected by default) 
25-08-28 18:28:27.440 [main] WARN  org.hibernate.orm.deprecation - HHH90000026: MySQL8Dialect has been deprecated; use org.hibernate.dialect.MySQLDialect instead 
25-08-28 18:28:27.518 [main] INFO  o.hibernate.orm.connections.pooling - HHH10001005: Database info:
	Database JDBC URL [Connecting through datasource 'HikariDataSource (HikariPool-1)']
	Database driver: undefined/unknown
	Database version: 8.0
	Autocommit mode: undefined/unknown
	Isolation level: undefined/unknown
	Minimum pool size: undefined/unknown
	Maximum pool size: undefined/unknown 
25-08-28 18:28:29.421 [main] INFO  o.h.e.t.j.p.i.JtaPlatformInitiator - HHH000489: No JTA platform available (set 'hibernate.transaction.jta.platform' to enable JTA platform integration) 
25-08-28 18:28:29.546 [main] INFO  o.s.o.j.LocalContainerEntityManagerFactoryBean - Initialized JPA EntityManagerFactory for persistence unit 'default' 
25-08-28 18:28:30.468 [main] WARN  o.s.b.a.o.j.JpaBaseConfiguration$JpaWebConfiguration - spring.jpa.open-in-view is enabled by default. Therefore, database queries may be performed during view rendering. Explicitly configure spring.jpa.open-in-view to disable this warning 
25-08-28 18:28:30.593 [main] INFO  o.s.v.b.OptionalValidatorFactoryBean - Failed to set up a Bean Validation provider: jakarta.validation.NoProviderFoundException: Unable to create a Configuration, because no Jakarta Bean Validation provider could be found. Add a provider like Hibernate Validator (RI) to your classpath. 
25-08-28 18:28:32.533 [main] INFO  o.s.b.a.e.web.EndpointLinksResolver - Exposing 13 endpoints beneath base path '/actuator' 
25-08-28 18:28:32.736 [main] INFO  c.U.M.S.a.Service.StudentServiceTest - Started StudentServiceTest in 13.586 seconds (process running for 16.626) 
25-08-28 18:28:33.716 [SpringApplicationShutdownHook] INFO  o.s.o.j.LocalContainerEntityManagerFactoryBean - Closing JPA EntityManagerFactory for persistence unit 'default' 
25-08-28 18:28:33.716 [SpringApplicationShutdownHook] INFO  com.zaxxer.hikari.HikariDataSource - HikariPool-1 - Shutdown initiated... 
25-08-28 18:28:33.731 [SpringApplicationShutdownHook] INFO  com.zaxxer.hikari.HikariDataSource - HikariPool-1 - Shutdown completed. 
