25-08-27 19:01:49.026 [main] INFO  c.U.M.Swagger.actuator.Application - Starting Application using Java 21.0.2 with PID 3656 (C:\Users\HP\Desktop\some\Junit_Mokito_Swagger_Actuator_Logback_Project\UsingJunit-Mokito-Swagger-actuator\target\classes started by HP in C:\Users\HP\Desktop\some\Junit_Mokito_Swagger_Actuator_Logback_Project\UsingJunit-Mokito-Swagger-actuator) 
25-08-27 19:01:49.061 [main] INFO  c.U.M.Swagger.actuator.Application - The following 1 profile is active: "dev" 
25-08-27 19:01:53.935 [main] INFO  o.s.d.r.c.RepositoryConfigurationDelegate - Bootstrapping Spring Data JPA repositories in DEFAULT mode. 
25-08-27 19:01:54.100 [main] INFO  o.s.d.r.c.RepositoryConfigurationDelegate - Finished Spring Data repository scanning in 139 ms. Found 1 JPA repository interface. 
25-08-27 19:01:55.658 [main] INFO  o.s.b.w.e.tomcat.TomcatWebServer - Tomcat initialized with port 9097 (http) 
25-08-27 19:01:55.685 [main] INFO  o.a.coyote.http11.Http11NioProtocol - Initializing ProtocolHandler ["http-nio-9097"] 
25-08-27 19:01:55.690 [main] INFO  o.a.catalina.core.StandardService - Starting service [Tomcat] 
25-08-27 19:01:55.690 [main] INFO  o.a.catalina.core.StandardEngine - Starting Servlet engine: [Apache Tomcat/10.1.44] 
25-08-27 19:01:55.860 [main] INFO  o.a.c.c.C.[Tomcat].[localhost].[/] - Initializing Spring embedded WebApplicationContext 
25-08-27 19:01:55.861 [main] INFO  o.s.b.w.s.c.ServletWebServerApplicationContext - Root WebApplicationContext: initialization completed in 6503 ms 
25-08-27 19:01:56.950 [main] INFO  o.h.jpa.internal.util.LogHelper - HHH000204: Processing PersistenceUnitInfo [name: default] 
25-08-27 19:01:57.106 [main] INFO  org.hibernate.Version - HHH000412: Hibernate ORM core version 6.6.26.Final 
25-08-27 19:01:57.196 [main] INFO  o.h.c.i.RegionFactoryInitiator - HHH000026: Second-level cache disabled 
25-08-27 19:01:58.028 [main] INFO  o.s.o.j.p.SpringPersistenceUnitInfo - No LoadTimeWeaver setup: ignoring JPA class transformer 
25-08-27 19:01:58.092 [main] INFO  com.zaxxer.hikari.HikariDataSource - HikariPool-1 - Starting... 
25-08-27 19:01:59.169 [main] INFO  com.zaxxer.hikari.pool.HikariPool - HikariPool-1 - Added connection com.mysql.cj.jdbc.ConnectionImpl@175bf9c9 
25-08-27 19:01:59.172 [main] INFO  com.zaxxer.hikari.HikariDataSource - HikariPool-1 - Start completed. 
25-08-27 19:01:59.501 [main] WARN  org.hibernate.orm.deprecation - HHH90000025: MySQL8Dialect does not need to be specified explicitly using 'hibernate.dialect' (remove the property setting and it will be selected by default) 
25-08-27 19:01:59.504 [main] WARN  org.hibernate.orm.deprecation - HHH90000026: MySQL8Dialect has been deprecated; use org.hibernate.dialect.MySQLDialect instead 
25-08-27 19:01:59.551 [main] INFO  o.hibernate.orm.connections.pooling - HHH10001005: Database info:
	Database JDBC URL [Connecting through datasource 'HikariDataSource (HikariPool-1)']
	Database driver: undefined/unknown
	Database version: 8.0
	Autocommit mode: undefined/unknown
	Isolation level: undefined/unknown
	Minimum pool size: undefined/unknown
	Maximum pool size: undefined/unknown 
