25-08-28 18:26:15.120 [main] INFO  c.U.M.S.a.Service.StudentServiceTest - Starting StudentServiceTest using Java 21.0.2 with PID 13904 (started by HP in C:\Users\HP\Desktop\unit\Junit_Mokito_Swagger_Actuator_Logback_Project\UsingJunit-Mokito-Swagger-actuator) 
25-08-28 18:26:15.136 [main] INFO  c.U.M.S.a.Service.StudentServiceTest - The following 1 profile is active: "dev" 
25-08-28 18:26:19.503 [main] INFO  o.s.d.r.c.RepositoryConfigurationDelegate - Bootstrapping Spring Data JPA repositories in DEFAULT mode. 
25-08-28 18:26:19.737 [main] INFO  o.s.d.r.c.RepositoryConfigurationDelegate - Finished Spring Data repository scanning in 207 ms. Found 1 JPA repository interface. 
25-08-28 18:26:23.691 [main] INFO  o.h.jpa.internal.util.LogHelper - HHH000204: Processing PersistenceUnitInfo [name: default] 
25-08-28 18:26:23.878 [main] INFO  org.hibernate.Version - HHH000412: Hibernate ORM core version 6.6.26.Final 
25-08-28 18:26:24.019 [main] INFO  o.h.c.i.RegionFactoryInitiator - HHH000026: Second-level cache disabled 
25-08-28 18:26:24.519 [main] INFO  o.s.o.j.p.SpringPersistenceUnitInfo - No LoadTimeWeaver setup: ignoring JPA class transformer 
25-08-28 18:26:24.597 [main] INFO  com.zaxxer.hikari.HikariDataSource - HikariPool-1 - Starting... 
25-08-28 18:26:26.004 [main] INFO  com.zaxxer.hikari.pool.HikariPool - HikariPool-1 - Added connection com.mysql.cj.jdbc.ConnectionImpl@346690d6 
25-08-28 18:26:26.019 [main] INFO  com.zaxxer.hikari.HikariDataSource - HikariPool-1 - Start completed. 
25-08-28 18:26:26.207 [main] WARN  org.hibernate.orm.deprecation - HHH90000025: MySQL8Dialect does not need to be specified explicitly using 'hibernate.dialect' (remove the property setting and it will be selected by default) 
25-08-28 18:26:26.207 [main] WARN  org.hibernate.orm.deprecation - HHH90000026: MySQL8Dialect has been deprecated; use org.hibernate.dialect.MySQLDialect instead 
25-08-28 18:26:26.278 [main] INFO  o.hibernate.orm.connections.pooling - HHH10001005: Database info:
	Database JDBC URL [Connecting through datasource 'HikariDataSource (HikariPool-1)']
	Database driver: undefined/unknown
	Database version: 8.0
	Autocommit mode: undefined/unknown
	Isolation level: undefined/unknown
	Minimum pool size: undefined/unknown
	Maximum pool size: undefined/unknown 
25-08-28 18:26:28.433 [main] INFO  o.h.e.t.j.p.i.JtaPlatformInitiator - HHH000489: No JTA platform available (set 'hibernate.transaction.jta.platform' to enable JTA platform integration) 
25-08-28 18:26:28.683 [main] INFO  o.s.o.j.LocalContainerEntityManagerFactoryBean - Initialized JPA EntityManagerFactory for persistence unit 'default' 
25-08-28 18:26:29.449 [main] WARN  o.s.b.a.o.j.JpaBaseConfiguration$JpaWebConfiguration - spring.jpa.open-in-view is enabled by default. Therefore, database queries may be performed during view rendering. Explicitly configure spring.jpa.open-in-view to disable this warning 
25-08-28 18:26:29.605 [main] INFO  o.s.v.b.OptionalValidatorFactoryBean - Failed to set up a Bean Validation provider: jakarta.validation.NoProviderFoundException: Unable to create a Configuration, because no Jakarta Bean Validation provider could be found. Add a provider like Hibernate Validator (RI) to your classpath. 
25-08-28 18:26:32.308 [main] INFO  o.s.b.a.e.web.EndpointLinksResolver - Exposing 13 endpoints beneath base path '/actuator' 
25-08-28 18:26:32.480 [main] INFO  c.U.M.S.a.Service.StudentServiceTest - Started StudentServiceTest in 19.198 seconds (process running for 23.13) 
25-08-28 18:26:32.903 [SpringApplicationShutdownHook] INFO  o.s.o.j.LocalContainerEntityManagerFactoryBean - Closing JPA EntityManagerFactory for persistence unit 'default' 
25-08-28 18:26:32.903 [SpringApplicationShutdownHook] INFO  com.zaxxer.hikari.HikariDataSource - HikariPool-1 - Shutdown initiated... 
25-08-28 18:26:32.934 [SpringApplicationShutdownHook] INFO  com.zaxxer.hikari.HikariDataSource - HikariPool-1 - Shutdown completed. 
