25-08-26 17:42:10.223 [main] INFO  c.U.M.Swagger.actuator.Application - Starting Application using Java 21.0.2 with PID 14624 (C:\Users\HP\Desktop\avinash_status_code\Junit_Mokito_Swagger_Actuator_Logback_Project\UsingJunit-Mokito-Swagger-actuator\target\classes started by HP in C:\Users\HP\Desktop\avinash_status_code\Junit_Mokito_Swagger_Actuator_Logback_Project\UsingJunit-Mokito-Swagger-actuator) 
25-08-26 17:42:10.228 [main] INFO  c.U.M.Swagger.actuator.Application - No active profile set, falling back to 1 default profile: "default" 
25-08-26 17:42:13.759 [main] INFO  o.s.d.r.c.RepositoryConfigurationDelegate - Bootstrapping Spring Data JPA repositories in DEFAULT mode. 
25-08-26 17:42:13.897 [main] INFO  o.s.d.r.c.RepositoryConfigurationDelegate - Finished Spring Data repository scanning in 114 ms. Found 1 JPA repository interface. 
25-08-26 17:42:15.430 [main] INFO  o.s.b.w.e.tomcat.TomcatWebServer - Tomcat initialized with port 9097 (http) 
25-08-26 17:42:15.466 [main] INFO  o.a.coyote.http11.Http11NioProtocol - Initializing ProtocolHandler ["http-nio-9097"] 
25-08-26 17:42:15.477 [main] INFO  o.a.catalina.core.StandardService - Starting service [Tomcat] 
25-08-26 17:42:15.478 [main] INFO  o.a.catalina.core.StandardEngine - Starting Servlet engine: [Apache Tomcat/10.1.44] 
25-08-26 17:42:15.693 [main] INFO  o.a.c.c.C.[Tomcat].[localhost].[/] - Initializing Spring embedded WebApplicationContext 
25-08-26 17:42:15.696 [main] INFO  o.s.b.w.s.c.ServletWebServerApplicationContext - Root WebApplicationContext: initialization completed in 5273 ms 
25-08-26 17:42:16.596 [main] INFO  o.h.jpa.internal.util.LogHelper - HHH000204: Processing PersistenceUnitInfo [name: default] 
25-08-26 17:42:16.827 [main] INFO  org.hibernate.Version - HHH000412: Hibernate ORM core version 6.6.26.Final 
25-08-26 17:42:16.998 [main] INFO  o.h.c.i.RegionFactoryInitiator - HHH000026: Second-level cache disabled 
25-08-26 17:42:18.485 [main] INFO  o.s.o.j.p.SpringPersistenceUnitInfo - No LoadTimeWeaver setup: ignoring JPA class transformer 
25-08-26 17:42:18.624 [main] INFO  com.zaxxer.hikari.HikariDataSource - HikariPool-1 - Starting... 
25-08-26 17:42:19.895 [main] INFO  com.zaxxer.hikari.pool.HikariPool - HikariPool-1 - Added connection com.mysql.cj.jdbc.ConnectionImpl@65b5b5ed 
25-08-26 17:42:19.899 [main] INFO  com.zaxxer.hikari.HikariDataSource - HikariPool-1 - Start completed. 
25-08-26 17:42:20.062 [main] WARN  org.hibernate.orm.deprecation - HHH90000025: MySQL8Dialect does not need to be specified explicitly using 'hibernate.dialect' (remove the property setting and it will be selected by default) 
25-08-26 17:42:20.064 [main] WARN  org.hibernate.orm.deprecation - HHH90000026: MySQL8Dialect has been deprecated; use org.hibernate.dialect.MySQLDialect instead 
25-08-26 17:42:20.104 [main] INFO  o.hibernate.orm.connections.pooling - HHH10001005: Database info:
	Database JDBC URL [Connecting through datasource 'HikariDataSource (HikariPool-1)']
	Database driver: undefined/unknown
	Database version: 8.0
	Autocommit mode: undefined/unknown
	Isolation level: undefined/unknown
	Minimum pool size: undefined/unknown
	Maximum pool size: undefined/unknown 
25-08-26 17:42:22.134 [main] INFO  o.h.e.t.j.p.i.JtaPlatformInitiator - HHH000489: No JTA platform available (set 'hibernate.transaction.jta.platform' to enable JTA platform integration) 
25-08-26 17:42:22.385 [main] INFO  o.s.o.j.LocalContainerEntityManagerFactoryBean - Initialized JPA EntityManagerFactory for persistence unit 'default' 
25-08-26 17:42:23.095 [main] WARN  o.s.b.a.o.j.JpaBaseConfiguration$JpaWebConfiguration - spring.jpa.open-in-view is enabled by default. Therefore, database queries may be performed during view rendering. Explicitly configure spring.jpa.open-in-view to disable this warning 
25-08-26 17:42:23.198 [main] INFO  o.s.v.b.OptionalValidatorFactoryBean - Failed to set up a Bean Validation provider: jakarta.validation.NoProviderFoundException: Unable to create a Configuration, because no Jakarta Bean Validation provider could be found. Add a provider like Hibernate Validator (RI) to your classpath. 
25-08-26 17:42:24.705 [main] INFO  o.s.b.a.e.web.EndpointLinksResolver - Exposing 13 endpoints beneath base path '/actuator' 
25-08-26 17:42:24.950 [main] INFO  o.a.coyote.http11.Http11NioProtocol - Starting ProtocolHandler ["http-nio-9097"] 
25-08-26 17:42:25.008 [main] INFO  o.s.b.w.e.tomcat.TomcatWebServer - Tomcat started on port 9097 (http) with context path '/' 
25-08-26 17:42:25.044 [main] INFO  c.U.M.Swagger.actuator.Application - Started Application in 16.481 seconds (process running for 17.904) 
25-08-26 17:42:39.328 [http-nio-9097-exec-2] INFO  o.a.c.c.C.[Tomcat].[localhost].[/] - Initializing Spring DispatcherServlet 'dispatcherServlet' 
25-08-26 17:42:39.329 [http-nio-9097-exec-2] INFO  o.s.web.servlet.DispatcherServlet - Initializing Servlet 'dispatcherServlet' 
25-08-26 17:42:39.332 [http-nio-9097-exec-2] INFO  o.s.web.servlet.DispatcherServlet - Completed initialization in 3 ms 
25-08-26 17:42:39.545 [http-nio-9097-exec-2] INFO  c.U.M.S.a.C.StudentController - Fetching all students 
25-08-26 17:42:39.546 [http-nio-9097-exec-2] INFO  c.U.M.S.a.Service.StudentService - Fetching all students 
